<?xml version="1.0" encoding="UTF-8"?>
<!DOCTYPE coverage SYSTEM "http://cobertura.sourceforge.net/xml/coverage-04.dtd">
<coverage line-rate="0.6666667" branch-rate="0" version="" timestamp="1667852607182" lines-covered="24" lines-valid="36" branches-covered="0" branches-valid="0" complexity="0">
	<sources>
		<source>/usr/local/go/src</source>
	</sources>
	<packages>
		<package name="github.com/by-sabbir/company-microservice-rest/internal/company" line-rate="0.6666667" branch-rate="0" complexity="0">
			<classes>
				<class name="-" filename="github.com/by-sabbir/company-microservice-rest/internal/company/company.go" line-rate="1" branch-rate="0" complexity="0">
					<methods>
						<method name="NewService" signature="" line-rate="1" branch-rate="0" complexity="0">
							<lines>
								<line number="35" hits="1"></line>
								<line number="36" hits="1"></line>
								<line number="37" hits="1"></line>
								<line number="38" hits="1"></line>
								<line number="39" hits="1"></line>
							</lines>
						</method>
					</methods>
					<lines>
						<line number="35" hits="1"></line>
						<line number="36" hits="1"></line>
						<line number="37" hits="1"></line>
						<line number="38" hits="1"></line>
						<line number="39" hits="1"></line>
					</lines>
				</class>
				<class name="Company" filename="github.com/by-sabbir/company-microservice-rest/internal/company/company.go" line-rate="1" branch-rate="0" complexity="0">
					<methods>
						<method name="ScanType" signature="" line-rate="1" branch-rate="0" complexity="0">
							<lines>
								<line number="50" hits="1"></line>
								<line number="51" hits="1"></line>
								<line number="52" hits="1"></line>
								<line number="53" hits="1"></line>
								<line number="54" hits="1"></line>
								<line number="56" hits="1"></line>
							</lines>
						</method>
					</methods>
					<lines>
						<line number="50" hits="1"></line>
						<line number="51" hits="1"></line>
						<line number="52" hits="1"></line>
						<line number="53" hits="1"></line>
						<line number="54" hits="1"></line>
						<line number="56" hits="1"></line>
					</lines>
				</class>
				<class name="Service" filename="github.com/by-sabbir/company-microservice-rest/internal/company/company.go" line-rate="0.52" branch-rate="0" complexity="0">
					<methods>
						<method name="GetCompany" signature="" line-rate="0.5" branch-rate="0" complexity="0">
							<lines>
								<line number="59" hits="1"></line>
								<line number="60" hits="1"></line>
								<line number="61" hits="0"></line>
								<line number="62" hits="0"></line>
								<line number="63" hits="0"></line>
								<line number="64" hits="1"></line>
							</lines>
						</method>
						<method name="PostCompany" signature="" line-rate="0.5" branch-rate="0" complexity="0">
							<lines>
								<line number="67" hits="1"></line>
								<line number="68" hits="1"></line>
								<line number="69" hits="0"></line>
								<line number="70" hits="0"></line>
								<line number="71" hits="0"></line>
								<line number="72" hits="1"></line>
							</lines>
						</method>
						<method name="DeleteCompany" signature="" line-rate="0.5" branch-rate="0" complexity="0">
							<lines>
								<line number="75" hits="1"></line>
								<line number="76" hits="1"></line>
								<line number="77" hits="0"></line>
								<line number="78" hits="0"></line>
								<line number="79" hits="0"></line>
								<line number="80" hits="1"></line>
							</lines>
						</method>
						<method name="PartialUpdateCompany" signature="" line-rate="0.5714286" branch-rate="0" complexity="0">
							<lines>
								<line number="85" hits="1"></line>
								<line number="86" hits="1"></line>
								<line number="87" hits="1"></line>
								<line number="88" hits="0"></line>
								<line number="89" hits="0"></line>
								<line number="90" hits="0"></line>
								<line number="91" hits="1"></line>
							</lines>
						</method>
					</methods>
					<lines>
						<line number="59" hits="1"></line>
						<line number="60" hits="1"></line>
						<line number="61" hits="0"></line>
						<line number="62" hits="0"></line>
						<line number="63" hits="0"></line>
						<line number="64" hits="1"></line>
						<line number="67" hits="1"></line>
						<line number="68" hits="1"></line>
						<line number="69" hits="0"></line>
						<line number="70" hits="0"></line>
						<line number="71" hits="0"></line>
						<line number="72" hits="1"></line>
						<line number="75" hits="1"></line>
						<line number="76" hits="1"></line>
						<line number="77" hits="0"></line>
						<line number="78" hits="0"></line>
						<line number="79" hits="0"></line>
						<line number="80" hits="1"></line>
						<line number="85" hits="1"></line>
						<line number="86" hits="1"></line>
						<line number="87" hits="1"></line>
						<line number="88" hits="0"></line>
						<line number="89" hits="0"></line>
						<line number="90" hits="0"></line>
						<line number="91" hits="1"></line>
					</lines>
				</class>
			</classes>
		</package>
	</packages>
</coverage>
